<?xml version="1.0" encoding="UTF-8"?>
<!-- Generated by org.testng.reporters.JUnitReportReporter -->
<testsuite hostname="TALAN-7N2T0B5" failures="0" tests="1" name="com.MyStore.TestCases.SearchResultPageTest" time="20.424" errors="0" timestamp="2022-08-19T12:27:38 WAT" skipped="0">
  <testcase classname="com.MyStore.TestCases.SearchResultPageTest" name="VerifyProduct" time="20.424"/>
  <system-out/>
</testsuite> <!-- com.MyStore.TestCases.SearchResultPageTest -->
