<?xml version="1.0" encoding="UTF-8"?>
<!-- Generated by org.testng.reporters.JUnitReportReporter -->
<testsuite hostname="TALAN-7N2T0B5" failures="0" tests="1" name="com.MyStore.TestCases.EndToEndTest" time="167.999" errors="0" timestamp="2022-08-18T18:30:40 WAT" skipped="0">
  <testcase classname="com.MyStore.TestCases.EndToEndTest" name="endToEndTest" time="167.999"/>
  <system-out/>
</testsuite> <!-- com.MyStore.TestCases.EndToEndTest -->
