<?xml version="1.0" encoding="UTF-8"?>
<!-- Generated by org.testng.reporters.JUnitReportReporter -->
<testsuite hostname="TALAN-7N2T0B5" failures="0" tests="2" name="com.MyStore.TestCases.HomePageTest" time="40.318" errors="0" timestamp="2022-08-19T12:27:38 WAT" skipped="0">
  <testcase classname="com.MyStore.TestCases.HomePageTest" name="WishListTest" time="16.221"/>
  <system-out/>
  <testcase classname="com.MyStore.TestCases.HomePageTest" name="OrderHistoryTest" time="24.097"/>
  <system-out/>
</testsuite> <!-- com.MyStore.TestCases.HomePageTest -->
